e:\windows\notepadedemo\notepadedemo\x64\debug\vc143.pdb
e:\windows\notepadedemo\notepadedemo\x64\debug\vc143.idb
e:\windows\notepadedemo\notepadedemo\x64\debug\notepadedemodlg.obj
e:\windows\notepadedemo\notepadedemo\x64\debug\notepadedemo.obj
e:\windows\notepadedemo\notepadedemo\x64\debug\changecharset.obj
e:\windows\notepadedemo\x64\debug\notepadedemo.exe
e:\windows\notepadedemo\notepadedemo\x64\debug\notepadedemo.ilk
e:\windows\notepadedemo\x64\debug\notepadedemo.pdb
e:\windows\notepadedemo\notepadedemo\x64\debug\notepadedemo.res
e:\windows\notepadedemo\notepadedemo\x64\debug\pch.obj
e:\windows\notepadedemo\notepadedemo\x64\debug\notepadedemo.pch
e:\windows\notepadedemo\notepadedemo\x64\debug\notepadedemo.tlog\cl.command.1.tlog
e:\windows\notepadedemo\notepadedemo\x64\debug\notepadedemo.tlog\cl.read.1.tlog
e:\windows\notepadedemo\notepadedemo\x64\debug\notepadedemo.tlog\cl.write.1.tlog
e:\windows\notepadedemo\notepadedemo\x64\debug\notepadedemo.tlog\link-cvtres.read.1.tlog
e:\windows\notepadedemo\notepadedemo\x64\debug\notepadedemo.tlog\link-cvtres.write.1.tlog
e:\windows\notepadedemo\notepadedemo\x64\debug\notepadedemo.tlog\link-mt.read.1.tlog
e:\windows\notepadedemo\notepadedemo\x64\debug\notepadedemo.tlog\link-mt.write.1.tlog
e:\windows\notepadedemo\notepadedemo\x64\debug\notepadedemo.tlog\link-rc.read.1.tlog
e:\windows\notepadedemo\notepadedemo\x64\debug\notepadedemo.tlog\link-rc.write.1.tlog
e:\windows\notepadedemo\notepadedemo\x64\debug\notepadedemo.tlog\link.15296-cvtres.read.1.tlog
e:\windows\notepadedemo\notepadedemo\x64\debug\notepadedemo.tlog\link.15296-cvtres.write.1.tlog
e:\windows\notepadedemo\notepadedemo\x64\debug\notepadedemo.tlog\link.15296-mt.read.1.tlog
e:\windows\notepadedemo\notepadedemo\x64\debug\notepadedemo.tlog\link.15296-mt.write.1.tlog
e:\windows\notepadedemo\notepadedemo\x64\debug\notepadedemo.tlog\link.15296-rc.read.1.tlog
e:\windows\notepadedemo\notepadedemo\x64\debug\notepadedemo.tlog\link.15296-rc.write.1.tlog
e:\windows\notepadedemo\notepadedemo\x64\debug\notepadedemo.tlog\link.15296.read.1.tlog
e:\windows\notepadedemo\notepadedemo\x64\debug\notepadedemo.tlog\link.15296.read.2.tlog
e:\windows\notepadedemo\notepadedemo\x64\debug\notepadedemo.tlog\link.15296.write.1.tlog
e:\windows\notepadedemo\notepadedemo\x64\debug\notepadedemo.tlog\link.command.1.tlog
e:\windows\notepadedemo\notepadedemo\x64\debug\notepadedemo.tlog\link.read.1.tlog
e:\windows\notepadedemo\notepadedemo\x64\debug\notepadedemo.tlog\link.read.2.tlog
e:\windows\notepadedemo\notepadedemo\x64\debug\notepadedemo.tlog\link.write.1.tlog
e:\windows\notepadedemo\notepadedemo\x64\debug\notepadedemo.tlog\rc.command.1.tlog
e:\windows\notepadedemo\notepadedemo\x64\debug\notepadedemo.tlog\rc.read.1.tlog
e:\windows\notepadedemo\notepadedemo\x64\debug\notepadedemo.tlog\rc.write.1.tlog
